Log file open, 09/10/16 23:12:26
LogInit:Display: Running engine for game: AIProject
LogPlatformFile: Not using cached read wrapper
LogInit:Display: RandInit(-2106711062) SRandInit(-2106711060).
LogTaskGraph: Started task graph with 4 named threads and 5 total threads.
LogStats: Stats thread started at 0.052033
LogInit: Version: 4.11.2-2946394+++UE4+Release-4.11
LogInit: API Version: 2927265
LogInit: Compiled (64-bit): Apr 18 2016 02:18:46
LogInit: Compiled with Visual C++: 19.00.23026.00
LogInit: Build Configuration: Development
LogInit: Branch Name: ++UE4+Release-4.11
LogInit: Command line:  
LogInit: Base directory: D:/Unreal/4.11/Engine/Binaries/Win64/
LogInit: Installed Engine Build: 1
LogInit: Using libcurl 7.41.0
LogInit:  - built for x86_64-pc-win32
LogInit:  - supports SSL with WinSSL
LogInit:  - other features:
LogInit:      CURL_VERSION_SSL
LogInit:      CURL_VERSION_IPV6
LogInit:      CURL_VERSION_ASYNCHDNS
LogInit:      CURL_VERSION_LARGEFILE
LogInit:      CURL_VERSION_IDN
LogInit:  CurlRequestOptions (configurable via config and command line):
LogInit:  - bVerifyPeer = true  - Libcurl will verify peer certificate
LogInit:  - bUseHttpProxy = false  - Libcurl will NOT use HTTP proxy
LogInit:  - bDontReuseConnections = false  - Libcurl will reuse connections
LogInit:  - CertBundlePath = nullptr  - Libcurl will use whatever was configured at build time.
LogInit: Presizing for max 16777216 objects, including 0 objects not considered by GC, pre-allocating 0 bytes for permanent pool.
LogInit: Object subsystem initialized
[2016.09.10-13.12.26:724][  0]LogInit: Selected Device Profile: [Windows]
[2016.09.10-13.12.26:724][  0]LogInit: Applying CVar settings loaded from the selected device profile: [Windows]
[2016.09.10-13.12.26:770][  0]LogInit: Computer: JAY-OFFICE
[2016.09.10-13.12.26:770][  0]LogInit: User: Jay
[2016.09.10-13.12.26:770][  0]LogInit: CPU Page size=65536, Cores=2
[2016.09.10-13.12.26:770][  0]LogInit: High frequency timer resolution =3.232150 MHz
[2016.09.10-13.12.26:770][  0]LogMemory: Memory total: Physical=7.9GB (8GB approx)
[2016.09.10-13.12.26:770][  0]LogMemory: Platform Memory Stats for Windows
[2016.09.10-13.12.26:770][  0]LogMemory: Process Physical Memory: 313.15 MB used, 313.15 MB peak
[2016.09.10-13.12.26:770][  0]LogMemory: Process Virtual Memory: 314.81 MB used, 314.81 MB peak
[2016.09.10-13.12.26:770][  0]LogMemory: Physical Memory: 6115.82 MB used, 8137.99 MB total
[2016.09.10-13.12.26:770][  0]LogMemory: Virtual Memory: 636.49 MB used, 134217728.00 MB total
[2016.09.10-13.12.26:804][  0]LogTextLocalizationManager: No specific translations for ('en-AU') exist, so ('en') translations will be used.
[2016.09.10-13.12.27:263][  0]LogD3D11RHI: D3D11 adapters:
[2016.09.10-13.12.27:292][  0]LogD3D11RHI:    0. 'NVIDIA GeForce GTX 560 Ti  ' (Feature Level 11_0)
[2016.09.10-13.12.27:292][  0]LogD3D11RHI:       973MB of dedicated video memory, 0MB of dedicated system memory, and 3071MB of shared system memory, 2 output[s]
[2016.09.10-13.12.27:294][  0]LogD3D11RHI:    1. 'Microsoft Basic Render Driver' (Feature Level 11_0)
[2016.09.10-13.12.27:294][  0]LogD3D11RHI:       0MB of dedicated video memory, 0MB of dedicated system memory, and 4068MB of shared system memory, 0 output[s]
[2016.09.10-13.12.27:294][  0]LogD3D11RHI: Chosen D3D11 Adapter: 0
[2016.09.10-13.12.27:299][  0]LogD3D11RHI: Creating new Direct3DDevice
[2016.09.10-13.12.27:299][  0]LogD3D11RHI:     Adapter Name: NVIDIA GeForce GTX 560 Ti  
[2016.09.10-13.12.27:300][  0]LogD3D11RHI:   Driver Version: Unknown (internal Unknown)
[2016.09.10-13.12.27:300][  0]LogD3D11RHI:      Driver Date: Unknown
[2016.09.10-13.12.27:300][  0]LogRHI: Texture pool is 681 MB (70% of 973 MB)
[2016.09.10-13.12.27:316][  0]LogD3D11RHI: Async texture creation enabled
[2016.09.10-13.12.27:334][  0]LogShaderCompilers: Guid format shader working directory is -26 characters bigger than the processId version (../../../../../Unreal Projects/GitHub/AIProject2016/PIG2016T4AIProject/Intermediate/Shaders/WorkingDirectory/7844/).
[2016.09.10-13.12.27:335][  0]LogShaderCompilers: Cleaned the shader compiler working directory 'C:/Users/Jay/AppData/Local/Temp/UnrealShaderWorkingDir/1CD4597A4933E2AA94DFFF8AA41B8E14/'.
[2016.09.10-13.12.27:335][  0]LogShaderCompilers:Display: Using Local Shader Compiler.
[2016.09.10-13.12.28:664][  0]LogTemp:Display: Loaded TP AllDesktopTargetPlatform
[2016.09.10-13.12.28:667][  0]LogTemp:Display: Loaded TP WindowsClientTargetPlatform
[2016.09.10-13.12.28:671][  0]LogTemp:Display: Loaded TP WindowsNoEditorTargetPlatform
[2016.09.10-13.12.28:674][  0]LogTemp:Display: Loaded TP WindowsServerTargetPlatform
[2016.09.10-13.12.28:678][  0]LogTemp:Display: Loaded TP WindowsTargetPlatform
[2016.09.10-13.12.28:681][  0]LogTemp:Display: Loaded TP AndroidTargetPlatform
[2016.09.10-13.12.28:685][  0]LogTemp:Display: Loaded TP Android_ASTCTargetPlatform
[2016.09.10-13.12.28:688][  0]LogTemp:Display: Loaded TP Android_ATCTargetPlatform
[2016.09.10-13.12.28:690][  0]LogTemp:Display: Loaded TP Android_DXTTargetPlatform
[2016.09.10-13.12.28:693][  0]LogTemp:Display: Loaded TP Android_ETC1TargetPlatform
[2016.09.10-13.12.28:696][  0]LogTemp:Display: Loaded TP Android_ETC2TargetPlatform
[2016.09.10-13.12.28:703][  0]LogTemp:Display: Loaded TP Android_MultiTargetPlatform
[2016.09.10-13.12.28:703][  0]LogTemp:Display: Loaded TP Android_PVRTCTargetPlatform
[2016.09.10-13.12.28:705][  0]LogTemp:Display: Loaded TP HTML5TargetPlatform
[2016.09.10-13.12.28:721][  0]LogTemp:Display: Loaded TP IOSTargetPlatform
[2016.09.10-13.12.28:723][  0]LogTemp:Display: Loaded TP TVOSTargetPlatform
[2016.09.10-13.12.28:726][  0]LogTemp:Display: Loaded TP LinuxNoEditorTargetPlatform
[2016.09.10-13.12.28:729][  0]LogTemp:Display: Loaded TP LinuxServerTargetPlatform
[2016.09.10-13.12.28:733][  0]LogTemp:Display: Loaded TP LinuxTargetPlatform
[2016.09.10-13.12.28:733][  0]LogTargetPlatformManager:Display: Building Assets For Windows
[2016.09.10-13.12.28:788][  0]LogDerivedDataCache:Display: Max Cache Size: 512 MB
[2016.09.10-13.12.28:986][  0]LogDerivedDataCache: Loaded boot cache 0.20s 46MB C:/Users/Jay/AppData/Local/UnrealEngine/4.11/DerivedDataCache/Boot.ddc.
[2016.09.10-13.12.28:986][  0]LogDerivedDataCache:Display: Loaded Boot cache: C:/Users/Jay/AppData/Local/UnrealEngine/4.11/DerivedDataCache/Boot.ddc
[2016.09.10-13.12.28:986][  0]LogDerivedDataCache: FDerivedDataBackendGraph:  Pak pak cache file ../../../../../Unreal Projects/GitHub/AIProject2016/PIG2016T4AIProject/DerivedDataCache/DDC.ddp not found, will not use a pak cache.
[2016.09.10-13.12.28:986][  0]LogDerivedDataCache: Unable to find inner node Pak for hierarchical cache Hierarchy.
[2016.09.10-13.12.28:986][  0]LogDerivedDataCache: FDerivedDataBackendGraph:  CompressedPak pak cache file ../../../../../Unreal Projects/GitHub/AIProject2016/PIG2016T4AIProject/DerivedDataCache/Compressed.ddp not found, will not use a pak cache.
[2016.09.10-13.12.28:986][  0]LogDerivedDataCache: Unable to find inner node CompressedPak for hierarchical cache Hierarchy.
[2016.09.10-13.12.29:006][  0]LogDerivedDataCache:Display: Pak cache opened for reading ../../../Engine/DerivedDataCache/Compressed.ddp.
[2016.09.10-13.12.29:018][  0]LogDerivedDataCache: Using Local data cache path C:/Users/Jay/AppData/Local/UnrealEngine/Common/DerivedDataCache: Writable
[2016.09.10-13.12.30:026][  0]LogInit: Selected Device Profile: [Windows]
[2016.09.10-13.12.30:031][  0]LogContentStreaming: Texture pool size is 0.00 MB
[2016.09.10-13.12.30:119][  0]LogMaterial: Uniform references updated for custom material expression Custom.
[2016.09.10-13.12.30:299][  0]LogMeshUtilities: No automatic mesh reduction module available
[2016.09.10-13.12.30:299][  0]LogMeshUtilities: No automatic mesh merging module available
[2016.09.10-13.12.30:299][  0]LogMeshUtilities: No distributed automatic mesh merging module available
[2016.09.10-13.12.30:752][  0]LogUObjectArray: 27679 objects as part of root set at end of initial load.
[2016.09.10-13.12.30:752][  0]LogUObjectAllocator: 5591592 out of 0 bytes used by permanent object pool.
[2016.09.10-13.12.30:752][  0]LogUObjectArray: CloseDisregardForGC: 0/0 objects in disregard for GC pool
[2016.09.10-13.12.30:757][  0]LogInit: WinSock: version 1.1 (2.2), MaxSocks=32767, MaxUdp=65467
[2016.09.10-13.12.31:171][  0]LogSlate: SlateFontCache - WITH_FREETYPE: 1, WITH_HARFBUZZ: 1
[2016.09.10-13.12.31:171][  0]LogSlate: SlateFontCache - WITH_FREETYPE: 1, WITH_HARFBUZZ: 1
[2016.09.10-13.12.31:691][  0]LogStreaming:Warning: Failed to read file '../../../Engine/Content/Editor/Slate/Common/Selection_16x.png' error.
[2016.09.10-13.12.31:691][  0]LogSlate: Could not find file for Slate resource: ../../../Engine/Content/Editor/Slate/Common/Selection_16x.png
[2016.09.10-13.12.31:691][  0]LogStreaming:Warning: Failed to read file '../../../Engine/Content/Editor/Slate/Common/Selection_16x.png' error.
[2016.09.10-13.12.31:691][  0]LogSlate: Could not find file for Slate resource: ../../../Engine/Content/Editor/Slate/Common/Selection_16x.png
[2016.09.10-13.12.31:691][  0]LogStreaming:Warning: Failed to read file '../../../Engine/Content/Editor/Slate/Common/Selection_16x.png' error.
[2016.09.10-13.12.31:691][  0]LogSlate: Could not find file for Slate resource: ../../../Engine/Content/Editor/Slate/Common/Selection_16x.png
[2016.09.10-13.12.33:756][  0]LogUdpMessaging: Initializing bridge on interface 0.0.0.0:0 to multicast group 230.0.0.1:6666.
[2016.09.10-13.12.33:963][  0]LogAssetRegistry: FAssetRegistry took 0.0227 seconds to start up
[2016.09.10-13.12.34:242][  0]SourceControl: Info Source control is disabled
[2016.09.10-13.12.34:323][  0]SourceControl: Info Source control is disabled
[2016.09.10-13.12.34:335][  0]SourceControl: Info Source control is disabled
[2016.09.10-13.12.34:348][  0]SourceControl: Info Source control is disabled
[2016.09.10-13.12.34:540][  0]LogStreaming:Warning: Failed to read file '../../../Engine/Content/Editor/Slate/Common/Selection_16x.png' error.
[2016.09.10-13.12.34:540][  0]LogSlate: Could not find file for Slate resource: ../../../Engine/Content/Editor/Slate/Common/Selection_16x.png
[2016.09.10-13.12.34:540][  0]LogStreaming:Warning: Failed to read file '../../../Engine/Content/Editor/Slate/Common/Selection_16x.png' error.
[2016.09.10-13.12.34:540][  0]LogSlate: Could not find file for Slate resource: ../../../Engine/Content/Editor/Slate/Common/Selection_16x.png
[2016.09.10-13.12.34:540][  0]LogStreaming:Warning: Failed to read file '../../../Engine/Content/Editor/Slate/Common/Selection_16x.png' error.
[2016.09.10-13.12.34:540][  0]LogSlate: Could not find file for Slate resource: ../../../Engine/Content/Editor/Slate/Common/Selection_16x.png
[2016.09.10-13.12.35:088][  0]LogHMD: Failed to initialize OpenVR with code 110
[2016.09.10-13.12.35:331][  0]LogEngine: Initializing Engine...
[2016.09.10-13.12.35:506][  0]LogAIModule: Creating AISystem for world NewWorld
[2016.09.10-13.12.35:518][  0]LogInit: XAudio2 using 'Speakers (Realtek High Definition Audio)' : 2 channels at 48 kHz using 32 bits per sample (channel mask 0x3)
[2016.09.10-13.12.35:552][  0]LogInit: FAudioDevice initialized.
[2016.09.10-13.12.35:578][  0]LogDerivedDataCache: Saved boot cache 0.03s 46MB C:/Users/Jay/AppData/Local/UnrealEngine/4.11/DerivedDataCache/Boot.ddc.
[2016.09.10-13.12.35:591][  0]LogInit: Texture streaming: Enabled
[2016.09.10-13.12.35:623][  0]LogInit: Transaction tracking system initialized
[2016.09.10-13.12.35:673][  0]BlueprintLog: New page: Editor Load
[2016.09.10-13.12.35:860][  0]LocalizationService: Info Localization service is disabled
[2016.09.10-13.12.36:012][  0]LogConsoleResponse:Display: 
[2016.09.10-13.12.36:170][  0]LogCook:Display: Max memory allowance for cook 8192mb
[2016.09.10-13.12.36:171][  0]LogFileCache: Scanning file cache for directory 'D:/Unreal Projects/GitHub/AIProject2016/PIG2016T4AIProject/Content/' took 0.02s
[2016.09.10-13.12.36:171][  0]LogCook:Display: Mobile HDR setting 1
[2016.09.10-13.12.36:172][  0]LogCook:Display: Done creating registry. It took  0.00s.
[2016.09.10-13.12.36:315][  0]SourceControl: Info Source control is disabled
[2016.09.10-13.12.36:316][  0]Cmd: MAP LOAD FILE="../../../../../Unreal Projects/GitHub/AIProject2016/PIG2016T4AIProject/Content/FirstPersonBP/Maps/FirstPersonExampleMap.umap" TEMPLATE=0 SHOWPROGRESS=1 FEATURELEVEL=3
[2016.09.10-13.12.36:317][  0]LightingResults: New page: Lighting Build
[2016.09.10-13.12.36:323][  0]MapCheck: New page: Map Check
[2016.09.10-13.12.36:323][  0]LightingResults: New page: Lighting Build
[2016.09.10-13.12.37:002][  0]LogAIModule: Creating AISystem for world FirstPersonExampleMap
[2016.09.10-13.12.37:023][  0]LogEditorServer: Finished looking for orphan Actors (0.000 secs)
[2016.09.10-13.12.37:025][  0]Cmd: MAP CHECKDEP NOCLEARLOG
[2016.09.10-13.12.37:054][  0]MapCheck: Info Map check complete: 0 Error(s), 0 Warning(s), took 28.805ms to complete.
[2016.09.10-13.12.37:054][  0]LogFileHelpers: Loading map 'FirstPersonExampleMap' took 0.737
[2016.09.10-13.12.37:260][  0]LogCollectionManager: Loaded 0 collections in 0.001623 seconds
[2016.09.10-13.12.37:325][  0]LogFileCache: Scanning file cache for directory 'D:/Unreal Projects/GitHub/AIProject2016/PIG2016T4AIProject/Saved/Collections/' took 0.01s
[2016.09.10-13.12.37:325][  0]LogFileCache: Scanning file cache for directory 'D:/Unreal Projects/GitHub/AIProject2016/PIG2016T4AIProject/Content/Developers/Jay/Collections/' took 0.01s
[2016.09.10-13.12.37:325][  0]LogFileCache: Scanning file cache for directory 'D:/Unreal Projects/GitHub/AIProject2016/PIG2016T4AIProject/Content/Collections/' took 0.01s
[2016.09.10-13.12.37:325][  0]LogCollectionManager: Rebuilt the GUID cache for 0 collections in 0.000005 seconds
[2016.09.10-13.12.37:345][  0]LogContentBrowser: Native class hierarchy populated in 0.0191 seconds. Added 1983 classes and 349 folders.
[2016.09.10-13.12.37:357][  0]LogStats: UGameplayTagsManager::ConstructGameplayTagTree: Construct from data asset -  0.000 s
[2016.09.10-13.12.37:357][  0]LogStats: UGameplayTagsManager::ConstructGameplayTagTree: GameplayTagTreeChangedEvent.Broadcast -  0.000 s
[2016.09.10-13.12.37:359][  0]LogContentBrowser: Native class hierarchy updated for 'GameplayTags' in 0.0013 seconds. Added 12 classes and 0 folders.
[2016.09.10-13.12.37:368][  0]LogContentBrowser: Native class hierarchy updated for 'WidgetCarousel' in 0.0006 seconds. Added 0 classes and 0 folders.
[2016.09.10-13.12.37:388][  0]LogContentBrowser: Native class hierarchy updated for 'SuperSearch' in 0.0004 seconds. Added 1 classes and 2 folders.
[2016.09.10-13.12.37:619][  0]LogContentBrowser: Native class hierarchy updated for 'AddContentDialog' in 0.0008 seconds. Added 0 classes and 0 folders.
[2016.09.10-13.12.37:628][  0]LogContentBrowser: Native class hierarchy updated for 'SceneOutliner' in 0.0007 seconds. Added 1 classes and 2 folders.
[2016.09.10-13.12.37:719][  0]LogCrashTracker: Crashtracker disabled due to settings.
[2016.09.10-13.12.37:808][  0]LogUObjectGlobals:Warning: Failed to find object 'Class None.'
[2016.09.10-13.12.37:845][  0]LogContentBrowser: Native class hierarchy updated for 'HierarchicalLODOutliner' in 0.0007 seconds. Added 1 classes and 2 folders.
[2016.09.10-13.12.37:846][  0]LogLoad: Full Startup: 12.12 seconds (BP compile: 0.12 seconds)
[2016.09.10-13.12.37:846][  0]LogExternalProfiler: Found external profiler: VSPerf
[2016.09.10-13.12.37:846][  0]LogExternalProfiler: Using external profiler: VSPerf
[2016.09.10-13.12.37:855][  0]LogWindowsTextInputMethodSystem:Display: IME system now deactivated.
[2016.09.10-13.12.37:856][  0]LogOcInput: OculusInput pre-init called
[2016.09.10-13.12.37:916][  0]LogContentStreaming: Texture pool size now 700 MB
[2016.09.10-13.12.38:106][  0]LogRenderer: Reallocating scene render targets to support 1236x632 (Frame:2).
[2016.09.10-13.12.38:210][  1]LogAssetRegistry: Asset discovery search completed in 4.2696 seconds
[2016.09.10-13.12.38:211][  1]LogCollectionManager: Rebuilt the object cache for 0 collections in 0.000001 seconds (found 0 objects)
[2016.09.10-13.12.38:211][  1]LogCollectionManager: Fixed up redirectors for 0 collections in 0.000628 seconds (updated 0 objects)
[2016.09.10-13.12.41:537][357]LogBlueprintUserMessages: Early PlayInEditor Detection: Level '/Game/FirstPersonBP/Maps/FirstPersonExampleMap.FirstPersonExampleMap:PersistentLevel' has LevelScriptBlueprint '/Game/FirstPersonBP/Maps/FirstPersonExampleMap.FirstPersonExampleMap:PersistentLevel.FirstPersonExampleMap' with GeneratedClass '/Game/FirstPersonBP/Maps/FirstPersonExampleMap.FirstPersonExampleMap_C' with ClassGeneratedBy '/Game/FirstPersonBP/Maps/FirstPersonExampleMap.FirstPersonExampleMap:PersistentLevel.FirstPersonExampleMap'
[2016.09.10-13.12.41:537][357]LogPlayLevel: PlayLevel: No blueprints needed recompiling
[2016.09.10-13.12.41:545][357]PIE: New page: PIE session: FirstPersonExampleMap (11 Sep 2016 9:12:41 am)
[2016.09.10-13.12.41:545][357]LogPlayLevel: Creating play world package: /Game/FirstPersonBP/Maps/UEDPIE_0_FirstPersonExampleMap
[2016.09.10-13.12.41:569][357]LogPlayLevel: PIE: StaticDuplicateObject took: (0.023663s)
[2016.09.10-13.12.41:570][357]LogAIModule: Creating AISystem for world FirstPersonExampleMap
[2016.09.10-13.12.41:570][357]LogPlayLevel: PIE: World Init took: (0.000767s)
[2016.09.10-13.12.41:570][357]LogPlayLevel: PIE: Created PIE world by copying editor world from /Game/FirstPersonBP/Maps/FirstPersonExampleMap.FirstPersonExampleMap to /Game/FirstPersonBP/Maps/UEDPIE_0_FirstPersonExampleMap.FirstPersonExampleMap (0.024699s)
[2016.09.10-13.12.41:601][357]LogInit: XAudio2 using 'Speakers (Realtek High Definition Audio)' : 2 channels at 48 kHz using 32 bits per sample (channel mask 0x3)
[2016.09.10-13.12.41:611][357]LogInit: FAudioDevice initialized.
[2016.09.10-13.12.42:399][357]LogWorld: Game class is 'FirstPersonGameMode_C'
[2016.09.10-13.12.42:404][357]LogWorld: Bringing World /Game/FirstPersonBP/Maps/UEDPIE_0_FirstPersonExampleMap.FirstPersonExampleMap up for play (max tick rate 0) at 2016.09.10-23.12.42
[2016.09.10-13.12.42:404][357]LogWorld: Bringing up level for play took: 0.004133
[2016.09.10-13.12.42:408][357]LogSpawn:Warning: SpawnActor failed because no class was specified
[2016.09.10-13.12.42:411][357]LogContentBrowser: Native class hierarchy updated for 'MovieSceneCapture' in 0.0005 seconds. Added 9 classes and 0 folders.
[2016.09.10-13.12.42:422][357]PIE: Info Play in editor start time for /Game/FirstPersonBP/Maps/UEDPIE_0_FirstPersonExampleMap 1.198
[2016.09.10-13.12.42:423][357]LogBlueprintUserMessages: Late PlayInEditor Detection: Level '/Game/FirstPersonBP/Maps/FirstPersonExampleMap.FirstPersonExampleMap:PersistentLevel' has LevelScriptBlueprint '/Game/FirstPersonBP/Maps/FirstPersonExampleMap.FirstPersonExampleMap:PersistentLevel.FirstPersonExampleMap' with GeneratedClass '/Game/FirstPersonBP/Maps/FirstPersonExampleMap.FirstPersonExampleMap_C' with ClassGeneratedBy '/Game/FirstPersonBP/Maps/FirstPersonExampleMap.FirstPersonExampleMap:PersistentLevel.FirstPersonExampleMap'
[2016.09.10-13.12.58:524][250]LogBlueprintUserMessages: Early EndPlayMap Detection: Level '/Game/FirstPersonBP/Maps/FirstPersonExampleMap.FirstPersonExampleMap:PersistentLevel' has LevelScriptBlueprint '/Game/FirstPersonBP/Maps/FirstPersonExampleMap.FirstPersonExampleMap:PersistentLevel.FirstPersonExampleMap' with GeneratedClass '/Game/FirstPersonBP/Maps/FirstPersonExampleMap.FirstPersonExampleMap_C' with ClassGeneratedBy '/Game/FirstPersonBP/Maps/FirstPersonExampleMap.FirstPersonExampleMap:PersistentLevel.FirstPersonExampleMap'
[2016.09.10-13.12.58:568][250]LogBlueprintUserMessages: Late EndPlayMap Detection: Level '/Game/FirstPersonBP/Maps/FirstPersonExampleMap.FirstPersonExampleMap:PersistentLevel' has LevelScriptBlueprint '/Game/FirstPersonBP/Maps/FirstPersonExampleMap.FirstPersonExampleMap:PersistentLevel.FirstPersonExampleMap' with GeneratedClass '/Game/FirstPersonBP/Maps/FirstPersonExampleMap.FirstPersonExampleMap_C' with ClassGeneratedBy '/Game/FirstPersonBP/Maps/FirstPersonExampleMap.FirstPersonExampleMap:PersistentLevel.FirstPersonExampleMap'
[2016.09.10-13.19.28:180][974]LogActorComponent: UnregisterComponent: (/Engine/Transient.CharMoveComp) Not registered. Aborting.
[2016.09.10-13.19.28:438][975]Cmd: QUIT_EDITOR
[2016.09.10-13.19.28:671][975]LogWindowsTextInputMethodSystem:Display: IME system now deactivated.
[2016.09.10-13.19.28:725][975]LogExit: Preparing to exit.
[2016.09.10-13.19.29:070][975]LogExit: Editor shut down
[2016.09.10-13.19.29:071][975]LogExit: Transaction tracking system shut down
[2016.09.10-13.19.29:201][975]LogObj: Freed 0b from 0 cluster array pools.
[2016.09.10-13.19.29:201][975]LogExit: Object subsystem successfully closed.
[2016.09.10-13.19.29:218][975]LogD3D11RHI: Shutdown
[2016.09.10-13.19.29:218][975]LogD3D11RHI: CleanupD3DDevice
[2016.09.10-13.19.29:299][975]LogD3D11RHI: ~FD3D11DynamicRHI
[2016.09.10-13.19.29:314][975]LogDerivedDataCache: Shutdown
[2016.09.10-13.19.29:314][975]LogModuleManager: Shutting down and abandoning module MovieSceneCapture (209)
[2016.09.10-13.19.29:314][975]LogModuleManager: Shutting down and abandoning module HierarchicalLODOutliner (208)
[2016.09.10-13.19.29:314][975]LogModuleManager: Shutting down and abandoning module ExternalImagePicker (207)
[2016.09.10-13.19.29:314][975]LogModuleManager: Shutting down and abandoning module CrashTracker (206)
[2016.09.10-13.19.29:314][975]LogModuleManager: Shutting down and abandoning module SceneOutliner (205)
[2016.09.10-13.19.29:314][975]LogModuleManager: Shutting down and abandoning module SuperSearch (204)
[2016.09.10-13.19.29:314][975]LogModuleManager: Shutting down and abandoning module WidgetCarousel (203)
[2016.09.10-13.19.29:314][975]LogModuleManager: Shutting down and abandoning module AddContentDialog (202)
[2016.09.10-13.19.29:315][975]LogModuleManager: Shutting down and abandoning module GameplayTags (201)
[2016.09.10-13.19.29:315][975]LogModuleManager: Shutting down and abandoning module EditorWidgets (200)
[2016.09.10-13.19.29:315][975]LogModuleManager: Shutting down and abandoning module CollectionManager (199)
[2016.09.10-13.19.29:316][975]LogModuleManager: Shutting down and abandoning module StatsViewer (198)
[2016.09.10-13.19.29:316][975]LogModuleManager: Shutting down and abandoning module FoliageEdit (197)
[2016.09.10-13.19.29:316][975]LogModuleManager: Shutting down and abandoning module LandscapeEditor (196)
[2016.09.10-13.19.29:316][975]LogModuleManager: Shutting down and abandoning module ActorPickerMode (195)
[2016.09.10-13.19.29:316][975]LogModuleManager: Shutting down and abandoning module GeometryMode (194)
[2016.09.10-13.19.29:316][975]LogModuleManager: Shutting down and abandoning module TextureAlignMode (193)
[2016.09.10-13.19.29:316][975]LogModuleManager: Shutting down and abandoning module BspMode (192)
[2016.09.10-13.19.29:316][975]LogModuleManager: Shutting down and abandoning module PlacementMode (191)
[2016.09.10-13.19.29:316][975]LogModuleManager: Shutting down and abandoning module AutomationWorker (190)
[2016.09.10-13.19.29:316][975]LogModuleManager: Shutting down and abandoning module CharacterAI (189)
[2016.09.10-13.19.29:316][975]LogModuleManager: Shutting down and abandoning module SmartSnapping (188)
[2016.09.10-13.19.29:316][975]LogModuleManager: Shutting down and abandoning module ViewportSnapping (187)
[2016.09.10-13.19.29:316][975]LogModuleManager: Shutting down and abandoning module LogVisualizer (186)
[2016.09.10-13.19.29:316][975]LogModuleManager: Shutting down and abandoning module GameProjectGeneration (185)
[2016.09.10-13.19.29:316][975]LogModuleManager: Shutting down and abandoning module IntroTutorials (184)
[2016.09.10-13.19.29:316][975]LogModuleManager: Shutting down and abandoning module EditorLiveStreaming (183)
[2016.09.10-13.19.29:316][975]LogModuleManager: Shutting down and abandoning module IOSPlatformEditor (182)
[2016.09.10-13.19.29:316][975]LogModuleManager: Shutting down and abandoning module HTML5PlatformEditor (181)
[2016.09.10-13.19.29:316][975]LogModuleManager: Shutting down and abandoning module AndroidDeviceDetection (180)
[2016.09.10-13.19.30:045][975]LogModuleManager: Shutting down and abandoning module AndroidPlatformEditor (179)
[2016.09.10-13.19.30:045][975]LogModuleManager: Shutting down and abandoning module IOSRuntimeSettings (178)
[2016.09.10-13.19.30:045][975]LogModuleManager: Shutting down and abandoning module AndroidRuntimeSettings (177)
[2016.09.10-13.19.30:045][975]LogModuleManager: Shutting down and abandoning module MergeActors (176)
[2016.09.10-13.19.30:045][975]LogModuleManager: Shutting down and abandoning module SizeMap (175)
[2016.09.10-13.19.30:045][975]LogModuleManager: Shutting down and abandoning module TreeMap (174)
[2016.09.10-13.19.30:045][975]LogModuleManager: Shutting down and abandoning module ReferenceViewer (173)
[2016.09.10-13.19.30:045][975]LogModuleManager: Shutting down and abandoning module LocalizationService (172)
[2016.09.10-13.19.30:045][975]LogModuleManager: Shutting down and abandoning module LocalizationDashboard (171)
[2016.09.10-13.19.30:046][975]LogModuleManager: Shutting down and abandoning module HardwareTargeting (170)
[2016.09.10-13.19.30:046][975]LogModuleManager: Shutting down and abandoning module DeviceProfileEditor (169)
[2016.09.10-13.19.30:046][975]LogModuleManager: Shutting down and abandoning module UndoHistory (168)
[2016.09.10-13.19.30:046][975]LogModuleManager: Shutting down and abandoning module UserFeedback (167)
[2016.09.10-13.19.30:046][975]LogModuleManager: Shutting down and abandoning module XmlParser (166)
[2016.09.10-13.19.30:046][975]LogModuleManager: Shutting down and abandoning module Blutility (165)
[2016.09.10-13.19.30:046][975]LogModuleManager: Shutting down and abandoning module ProjectTargetPlatformEditor (164)
[2016.09.10-13.19.30:046][975]LogModuleManager: Shutting down and abandoning module ProjectSettingsViewer (163)
[2016.09.10-13.19.30:046][975]LogModuleManager: Shutting down and abandoning module InputBindingEditor (162)
[2016.09.10-13.19.30:046][975]LogModuleManager: Shutting down and abandoning module EditorSettingsViewer (161)
[2016.09.10-13.19.30:046][975]LogModuleManager: Shutting down and abandoning module SettingsEditor (160)
[2016.09.10-13.19.30:046][975]LogModuleManager: Shutting down and abandoning module ProjectLauncher (159)
[2016.09.10-13.19.30:046][975]LogModuleManager: Shutting down and abandoning module SessionFrontend (158)
[2016.09.10-13.19.30:046][975]LogModuleManager: Shutting down and abandoning module ProfilerClient (157)
[2016.09.10-13.19.30:046][975]LogModuleManager: Shutting down and abandoning module TargetDeviceServices (156)
[2016.09.10-13.19.30:046][975]LogModuleManager: Shutting down and abandoning module DeviceManager (155)
[2016.09.10-13.19.30:090][975]LogModuleManager: Shutting down and abandoning module AutomationController (154)
[2016.09.10-13.19.30:090][975]LogModuleManager: Shutting down and abandoning module AutomationWindow (153)
[2016.09.10-13.19.30:090][975]LogModuleManager: Shutting down and abandoning module Layers (152)
[2016.09.10-13.19.30:090][975]LogModuleManager: Shutting down and abandoning module ComponentVisualizers (151)
[2016.09.10-13.19.30:090][975]LogModuleManager: Shutting down and abandoning module DetailCustomizations (150)
[2016.09.10-13.19.30:090][975]LogModuleManager: Shutting down and abandoning module PackagesDialog (149)
[2016.09.10-13.19.30:090][975]LogModuleManager: Shutting down and abandoning module Persona (148)
[2016.09.10-13.19.30:090][975]LogModuleManager: Shutting down and abandoning module Kismet (147)
[2016.09.10-13.19.30:090][975]LogModuleManager: Shutting down and abandoning module GraphEditor (146)
[2016.09.10-13.19.30:090][975]LogModuleManager: Shutting down and abandoning module ClassViewer (145)
[2016.09.10-13.19.30:090][975]LogModuleManager: Shutting down and abandoning module Toolbox (144)
[2016.09.10-13.19.30:090][975]LogModuleManager: Shutting down and abandoning module ModuleUI (143)
[2016.09.10-13.19.30:090][975]LogModuleManager: Shutting down and abandoning module MovieSceneTools (142)
[2016.09.10-13.19.30:090][975]LogModuleManager: Shutting down and abandoning module OutputLog (141)
[2016.09.10-13.19.30:090][975]LogModuleManager: Shutting down and abandoning module GammaUI (140)
[2016.09.10-13.19.30:091][975]LogModuleManager: Shutting down and abandoning module Documentation (139)
[2016.09.10-13.19.30:091][975]LogModuleManager: Shutting down and abandoning module StreamingPauseRendering (138)
[2016.09.10-13.19.30:091][975]LogModuleManager: Shutting down and abandoning module AnalyticsET (137)
[2016.09.10-13.19.30:091][975]LogModuleManager: Shutting down and abandoning module Analytics (136)
[2016.09.10-13.19.30:091][975]LogModuleManager: Shutting down and abandoning module PortalServices (135)
[2016.09.10-13.19.30:091][975]LogModuleManager: Shutting down and abandoning module PortalRpc (134)
[2016.09.10-13.19.30:091][975]LogModuleManager: Shutting down and abandoning module MessagingRpc (133)
[2016.09.10-13.19.30:091][975]LogModuleManager: Shutting down and abandoning module AITestSuite (132)
[2016.09.10-13.19.30:091][975]LogModuleManager: Shutting down and abandoning module GameplayDebugger (131)
[2016.09.10-13.19.30:091][975]LogModuleManager: Shutting down and abandoning module AIModule (130)
[2016.09.10-13.19.30:091][975]LogModuleManager: Shutting down and abandoning module ProfilerService (129)
[2016.09.10-13.19.30:206][975]LogModuleManager: Shutting down and abandoning module TaskGraph (128)
[2016.09.10-13.19.30:206][975]LogModuleManager: Shutting down and abandoning module SlateRemote (127)
[2016.09.10-13.19.30:206][975]LogModuleManager: Shutting down and abandoning module SteamVRController (126)
[2016.09.10-13.19.30:206][975]LogModuleManager: Shutting down and abandoning module SteamVR (125)
[2016.09.10-13.19.30:206][975]LogModuleManager: Shutting down and abandoning module ProceduralMeshComponent (124)
[2016.09.10-13.19.30:206][975]LogModuleManager: Shutting down and abandoning module OculusLibrary (123)
[2016.09.10-13.19.30:206][975]LogModuleManager: Shutting down and abandoning module OculusInput (122)
[2016.09.10-13.19.30:206][975]LogModuleManager: Shutting down and abandoning module CustomMeshComponent (121)
[2016.09.10-13.19.30:207][975]LogModuleManager: Shutting down and abandoning module CableComponent (120)
[2016.09.10-13.19.30:207][975]LogModuleManager: Shutting down and abandoning module ArchVisCharacter (119)
[2016.09.10-13.19.30:207][975]LogModuleManager: Shutting down and abandoning module MediaPlayerEditor (118)
[2016.09.10-13.19.30:207][975]LogModuleManager: Shutting down and abandoning module VaRestEditorPlugin (117)
[2016.09.10-13.19.30:207][975]LogModuleManager: Shutting down and abandoning module PlayUp (116)
[2016.09.10-13.19.30:207][975]LogModuleManager: Shutting down and abandoning module HTML5Networking (115)
[2016.09.10-13.19.30:207][975]LogModuleManager: Shutting down and abandoning module SpeedTreeImporter (114)
[2016.09.10-13.19.30:207][975]LogModuleManager: Shutting down and abandoning module PluginBrowser (113)
[2016.09.10-13.19.30:207][975]LogModuleManager: Shutting down and abandoning module EpicSurvey (112)
[2016.09.10-13.19.30:207][975]LogModuleManager: Shutting down and abandoning module DesktopPlatform (111)
[2016.09.10-13.19.30:207][975]LogModuleManager: Shutting down and abandoning module VisualStudioSourceCodeAccess (110)
[2016.09.10-13.19.30:207][975]LogModuleManager: Shutting down and abandoning module UObjectPlugin (109)
[2016.09.10-13.19.30:207][975]LogModuleManager: Shutting down and abandoning module SubversionSourceControl (108)
[2016.09.10-13.19.30:207][975]LogModuleManager: Shutting down and abandoning module PerforceSourceControl (107)
[2016.09.10-13.19.30:207][975]LogModuleManager: Shutting down and abandoning module SourceControl (106)
[2016.09.10-13.19.30:207][975]LogModuleManager: Shutting down and abandoning module GitSourceControl (105)
[2016.09.10-13.19.30:207][975]LogModuleManager: Shutting down and abandoning module LightPropagationVolumeEditor (104)
[2016.09.10-13.19.30:207][975]LogModuleManager: Shutting down and abandoning module PaperTiledImporter (103)
[2016.09.10-13.19.30:207][975]LogModuleManager: Shutting down and abandoning module PaperSpriteSheetImporter (102)
[2016.09.10-13.19.30:207][975]LogModuleManager: Shutting down and abandoning module MeshPaint (101)
[2016.09.10-13.19.30:207][975]LogModuleManager: Shutting down and abandoning module HotReload (100)
[2016.09.10-13.19.30:208][975]LogModuleManager: Shutting down and abandoning module MainFrame (99)
[2016.09.10-13.19.30:208][975]LogModuleManager: Shutting down and abandoning module LevelEditor (98)
[2016.09.10-13.19.30:209][975]LogModuleManager: Shutting down and abandoning module DirectoryWatcher (97)
[2016.09.10-13.19.30:210][975]LogModuleManager: Shutting down and abandoning module AssetRegistry (96)
[2016.09.10-13.19.30:432][975]LogModuleManager: Shutting down and abandoning module ContentBrowser (95)
[2016.09.10-13.19.30:433][975]LogModuleManager: Shutting down and abandoning module Paper2DEditor (94)
[2016.09.10-13.19.30:433][975]LogModuleManager: Shutting down and abandoning module UdpMessaging (93)
[2016.09.10-13.19.30:534][975]LogModuleManager: Shutting down and abandoning module VaRestPlugin (92)
[2016.09.10-13.19.30:534][975]LogModuleManager: Shutting down and abandoning module LightPropagationVolumeRuntime (91)
[2016.09.10-13.19.30:534][975]LogModuleManager: Shutting down and abandoning module Paper2D (90)
[2016.09.10-13.19.30:534][975]LogModuleManager: Shutting down and abandoning module WindowsMoviePlayer (89)
[2016.09.10-13.19.30:534][975]LogModuleManager: Shutting down and abandoning module Media (88)
[2016.09.10-13.19.30:534][975]LogModuleManager: Shutting down and abandoning module WmfMedia (87)
[2016.09.10-13.19.30:534][975]LogModuleManager: Shutting down and abandoning module MediaAssets (86)
[2016.09.10-13.19.30:534][975]LogModuleManager: Shutting down and abandoning module GameLiveStreaming (85)
[2016.09.10-13.19.30:534][975]LogModuleManager: Shutting down and abandoning module GameplayTagsEditor (84)
[2016.09.10-13.19.30:534][975]LogModuleManager: Shutting down and abandoning module OnlineBlueprintSupport (83)
[2016.09.10-13.19.30:534][975]LogModuleManager: Shutting down and abandoning module GameplayTasksEditor (82)
[2016.09.10-13.19.30:534][975]LogModuleManager: Shutting down and abandoning module PropertyEditor (81)
[2016.09.10-13.19.30:534][975]LogModuleManager: Shutting down and abandoning module BehaviorTreeEditor (80)
[2016.09.10-13.19.30:534][975]LogModuleManager: Shutting down and abandoning module FunctionalTesting (79)
[2016.09.10-13.19.30:534][975]LogModuleManager: Shutting down and abandoning module CollisionAnalyzer (78)
[2016.09.10-13.19.30:534][975]LogModuleManager: Shutting down and abandoning module WorkspaceMenuStructure (77)
[2016.09.10-13.19.30:534][975]LogModuleManager: Shutting down and abandoning module MessageLog (76)
[2016.09.10-13.19.30:534][975]LogModuleManager: Shutting down and abandoning module Sequencer (75)
[2016.09.10-13.19.30:534][975]LogModuleManager: Shutting down and abandoning module AssetTools (74)
[2016.09.10-13.19.30:535][975]LogModuleManager: Shutting down and abandoning module UMGEditor (73)
[2016.09.10-13.19.30:535][975]LogModuleManager: Shutting down and abandoning module UMG (72)
[2016.09.10-13.19.30:535][975]LogModuleManager: Shutting down and abandoning module SlateReflector (71)
[2016.09.10-13.19.30:535][975]LogModuleManager: Shutting down and abandoning module Slate (70)
[2016.09.10-13.19.30:535][975]LogModuleManager: Shutting down and abandoning module EditorStyle (69)
[2016.09.10-13.19.30:538][975]LogModuleManager: Shutting down and abandoning module SessionServices (68)
[2016.09.10-13.19.30:538][975]LogModuleManager: Shutting down and abandoning module SourceCodeAccess (67)
[2016.09.10-13.19.30:538][975]LogModuleManager: Shutting down and abandoning module HeadMountedDisplay (66)
[2016.09.10-13.19.30:538][975]LogModuleManager: Shutting down and abandoning module XAudio2 (65)
[2016.09.10-13.19.30:538][975]LogModuleManager: Shutting down and abandoning module Networking (63)
[2016.09.10-13.19.30:538][975]LogModuleManager: Shutting down and abandoning module Core (62)
[2016.09.10-13.19.30:538][975]LogModuleManager: Shutting down and abandoning module KismetCompiler (61)
[2016.09.10-13.19.30:538][975]LogModuleManager: Shutting down and abandoning module PhysXFormats (60)
[2016.09.10-13.19.30:538][975]LogModuleManager: Shutting down and abandoning module MeshUtilities (59)
[2016.09.10-13.19.30:538][975]LogModuleManager: Shutting down and abandoning module CookingStats (58)
[2016.09.10-13.19.30:538][975]LogModuleManager: Shutting down and abandoning module DerivedDataCache (57)
[2016.09.10-13.19.30:538][975]LogDerivedDataCache: Shutdown
[2016.09.10-13.19.30:539][975]LogModuleManager: Shutting down and abandoning module ShaderFormatOpenGL (56)
[2016.09.10-13.19.30:539][975]LogModuleManager: Shutting down and abandoning module ShaderFormatD3D (55)
[2016.09.10-13.19.30:539][975]LogModuleManager: Shutting down and abandoning module MetalShaderFormat (54)
[2016.09.10-13.19.30:539][975]LogModuleManager: Shutting down and abandoning module TextureFormatUncompressed (53)
[2016.09.10-13.19.30:539][975]LogModuleManager: Shutting down and abandoning module TextureFormatPVR (52)
[2016.09.10-13.19.30:539][975]LogModuleManager: Shutting down and abandoning module TextureFormatIntelISPCTexComp (51)
[2016.09.10-13.19.30:539][975]LogModuleManager: Shutting down and abandoning module TextureFormatDXT (50)
[2016.09.10-13.19.30:539][975]LogModuleManager: Shutting down and abandoning module ImageWrapper (49)
[2016.09.10-13.19.30:539][975]LogModuleManager: Shutting down and abandoning module TextureFormatASTC (48)
[2016.09.10-13.19.30:539][975]LogModuleManager: Shutting down and abandoning module TextureFormatAndroid (47)
[2016.09.10-13.19.30:539][975]LogModuleManager: Shutting down and abandoning module AudioFormatOpus (46)
[2016.09.10-13.19.30:539][975]LogModuleManager: Shutting down and abandoning module AudioFormatOgg (45)
[2016.09.10-13.19.30:539][975]LogModuleManager: Shutting down and abandoning module AudioFormatADPCM (44)
[2016.09.10-13.19.30:539][975]LogModuleManager: Shutting down and abandoning module LinuxTargetPlatform (43)
[2016.09.10-13.19.30:539][975]LogModuleManager: Shutting down and abandoning module LinuxServerTargetPlatform (42)
[2016.09.10-13.19.30:539][975]LogModuleManager: Shutting down and abandoning module LinuxNoEditorTargetPlatform (41)
[2016.09.10-13.19.30:539][975]LogModuleManager: Shutting down and abandoning module TVOSTargetPlatform (40)
[2016.09.10-13.19.30:539][975]LogModuleManager: Shutting down and abandoning module Messaging (39)
[2016.09.10-13.19.30:539][975]LogModuleManager: Shutting down and abandoning module IOSTargetPlatform (38)
[2016.09.10-13.19.30:539][975]LogModuleManager: Shutting down and abandoning module HTML5TargetPlatform (37)
[2016.09.10-13.19.30:539][975]LogModuleManager: Shutting down and abandoning module Android_PVRTCTargetPlatform (36)
[2016.09.10-13.19.30:539][975]LogModuleManager: Shutting down and abandoning module Android_MultiTargetPlatform (35)
[2016.09.10-13.19.30:539][975]LogModuleManager: Shutting down and abandoning module Android_ETC2TargetPlatform (34)
[2016.09.10-13.19.30:539][975]LogModuleManager: Shutting down and abandoning module Android_ETC1TargetPlatform (33)
[2016.09.10-13.19.30:539][975]LogModuleManager: Shutting down and abandoning module Android_DXTTargetPlatform (32)
[2016.09.10-13.19.30:539][975]LogModuleManager: Shutting down and abandoning module Android_ATCTargetPlatform (31)
[2016.09.10-13.19.30:539][975]LogModuleManager: Shutting down and abandoning module Android_ASTCTargetPlatform (30)
[2016.09.10-13.19.30:539][975]LogModuleManager: Shutting down and abandoning module AndroidTargetPlatform (29)
[2016.09.10-13.19.30:539][975]LogModuleManager: Shutting down and abandoning module WindowsTargetPlatform (28)
[2016.09.10-13.19.30:539][975]LogModuleManager: Shutting down and abandoning module WindowsServerTargetPlatform (27)
[2016.09.10-13.19.30:539][975]LogModuleManager: Shutting down and abandoning module WindowsNoEditorTargetPlatform (26)
[2016.09.10-13.19.30:539][975]LogModuleManager: Shutting down and abandoning module WindowsClientTargetPlatform (25)
[2016.09.10-13.19.30:539][975]LogModuleManager: Shutting down and abandoning module AllDesktopTargetPlatform (24)
[2016.09.10-13.19.30:539][975]LogModuleManager: Shutting down and abandoning module TargetPlatform (23)
[2016.09.10-13.19.30:539][975]LogModuleManager: Shutting down and abandoning module InputCore (22)
[2016.09.10-13.19.30:539][975]LogModuleManager: Shutting down and abandoning module Settings (21)
[2016.09.10-13.19.30:540][975]LogModuleManager: Shutting down and abandoning module OnlineSubsystem (19)
[2016.09.10-13.19.30:540][975]LogModuleManager: Shutting down and abandoning module HTTP (18)
[2016.09.10-13.19.32:042][975]LogModuleManager: Shutting down and abandoning module XMPP (17)
[2016.09.10-13.19.32:042][975]LogModuleManager: Shutting down and abandoning module OculusRift (16)
[2016.09.10-13.19.32:042][975]LogModuleManager: Shutting down and abandoning module ExampleDeviceProfileSelector (15)
[2016.09.10-13.19.32:042][975]LogModuleManager: Shutting down and abandoning module TextureCompressor (14)
[2016.09.10-13.19.32:042][975]LogModuleManager: Shutting down and abandoning module ShaderCore (13)
[2016.09.10-13.19.32:042][975]LogModuleManager: Shutting down and abandoning module Landscape (12)
[2016.09.10-13.19.32:042][975]LogModuleManager: Shutting down and abandoning module SlateRHIRenderer (11)
[2016.09.10-13.19.32:043][975]LogModuleManager: Shutting down and abandoning module OpenGLDrv (10)
[2016.09.10-13.19.32:043][975]LogModuleManager: Shutting down and abandoning module D3D11RHI (9)
[2016.09.10-13.19.32:043][975]LogModuleManager: Shutting down and abandoning module AnimGraphRuntime (8)
[2016.09.10-13.19.32:043][975]LogModuleManager: Shutting down and abandoning module Renderer (7)
[2016.09.10-13.19.32:043][975]LogModuleManager: Shutting down and abandoning module Engine (6)
[2016.09.10-13.19.32:043][975]LogModuleManager: Shutting down and abandoning module CoreUObject (5)
[2016.09.10-13.19.32:043][975]LogModuleManager: Shutting down and abandoning module NetworkFile (4)
[2016.09.10-13.19.32:043][975]LogModuleManager: Shutting down and abandoning module StreamingFile (3)
[2016.09.10-13.19.32:043][975]LogModuleManager: Shutting down and abandoning module SandboxFile (2)
[2016.09.10-13.19.32:043][975]LogModuleManager: Shutting down and abandoning module PakFile (1)
[2016.09.10-13.19.32:044][975]LogExit: Exiting.
[2016.09.10-13.19.32:045][975]Log file closed, 09/10/16 23:19:32
