Log file open, 09/10/16 21:28:48
LogInit:Display: Running engine for game: AIProject
LogPlatformFile: Not using cached read wrapper
LogInit:Display: RandInit(-728842824) SRandInit(-728842822).
LogTaskGraph: Started task graph with 4 named threads and 5 total threads.
LogStats: Stats thread started at 0.055612
LogInit: Version: 4.11.2-2946394+++UE4+Release-4.11
LogInit: API Version: 2927265
LogInit: Compiled (64-bit): Apr 18 2016 02:18:46
LogInit: Compiled with Visual C++: 19.00.23026.00
LogInit: Build Configuration: Development
LogInit: Branch Name: ++UE4+Release-4.11
LogInit: Command line:  
LogInit: Base directory: D:/Unreal/4.11/Engine/Binaries/Win64/
LogInit: Installed Engine Build: 1
LogInit: Using libcurl 7.41.0
LogInit:  - built for x86_64-pc-win32
LogInit:  - supports SSL with WinSSL
LogInit:  - other features:
LogInit:      CURL_VERSION_SSL
LogInit:      CURL_VERSION_IPV6
LogInit:      CURL_VERSION_ASYNCHDNS
LogInit:      CURL_VERSION_LARGEFILE
LogInit:      CURL_VERSION_IDN
LogInit:  CurlRequestOptions (configurable via config and command line):
LogInit:  - bVerifyPeer = true  - Libcurl will verify peer certificate
LogInit:  - bUseHttpProxy = false  - Libcurl will NOT use HTTP proxy
LogInit:  - bDontReuseConnections = false  - Libcurl will reuse connections
LogInit:  - CertBundlePath = nullptr  - Libcurl will use whatever was configured at build time.
LogInit: Presizing for max 16777216 objects, including 0 objects not considered by GC, pre-allocating 0 bytes for permanent pool.
LogInit: Object subsystem initialized
[2016.09.10-11.28.48:578][  0]LogInit: Selected Device Profile: [Windows]
[2016.09.10-11.28.48:578][  0]LogInit: Applying CVar settings loaded from the selected device profile: [Windows]
[2016.09.10-11.28.48:589][  0]LogInit: Computer: JAY-OFFICE
[2016.09.10-11.28.48:589][  0]LogInit: User: Jay
[2016.09.10-11.28.48:589][  0]LogInit: CPU Page size=65536, Cores=2
[2016.09.10-11.28.48:589][  0]LogInit: High frequency timer resolution =3.232150 MHz
[2016.09.10-11.28.48:590][  0]LogMemory: Memory total: Physical=7.9GB (8GB approx)
[2016.09.10-11.28.48:590][  0]LogMemory: Platform Memory Stats for Windows
[2016.09.10-11.28.48:590][  0]LogMemory: Process Physical Memory: 313.05 MB used, 313.05 MB peak
[2016.09.10-11.28.48:590][  0]LogMemory: Process Virtual Memory: 314.71 MB used, 314.71 MB peak
[2016.09.10-11.28.48:590][  0]LogMemory: Physical Memory: 4873.41 MB used, 8137.99 MB total
[2016.09.10-11.28.48:590][  0]LogMemory: Virtual Memory: 636.49 MB used, 134217728.00 MB total
[2016.09.10-11.28.48:614][  0]LogTextLocalizationManager: No specific translations for ('en-AU') exist, so ('en') translations will be used.
[2016.09.10-11.28.49:024][  0]LogD3D11RHI: D3D11 adapters:
[2016.09.10-11.28.49:047][  0]LogD3D11RHI:    0. 'NVIDIA GeForce GTX 560 Ti  ' (Feature Level 11_0)
[2016.09.10-11.28.49:047][  0]LogD3D11RHI:       973MB of dedicated video memory, 0MB of dedicated system memory, and 3071MB of shared system memory, 2 output[s]
[2016.09.10-11.28.49:050][  0]LogD3D11RHI:    1. 'Microsoft Basic Render Driver' (Feature Level 11_0)
[2016.09.10-11.28.49:050][  0]LogD3D11RHI:       0MB of dedicated video memory, 0MB of dedicated system memory, and 4068MB of shared system memory, 0 output[s]
[2016.09.10-11.28.49:050][  0]LogD3D11RHI: Chosen D3D11 Adapter: 0
[2016.09.10-11.28.49:056][  0]LogD3D11RHI: Creating new Direct3DDevice
[2016.09.10-11.28.49:056][  0]LogD3D11RHI:     Adapter Name: NVIDIA GeForce GTX 560 Ti  
[2016.09.10-11.28.49:056][  0]LogD3D11RHI:   Driver Version: Unknown (internal Unknown)
[2016.09.10-11.28.49:056][  0]LogD3D11RHI:      Driver Date: Unknown
[2016.09.10-11.28.49:056][  0]LogRHI: Texture pool is 681 MB (70% of 973 MB)
[2016.09.10-11.28.49:071][  0]LogD3D11RHI: Async texture creation enabled
[2016.09.10-11.28.49:089][  0]LogShaderCompilers: Guid format shader working directory is -26 characters bigger than the processId version (../../../../../Unreal Projects/GitHub/AIProject2016/PIG2016T4AIProject/Intermediate/Shaders/WorkingDirectory/9432/).
[2016.09.10-11.28.49:089][  0]LogShaderCompilers: Cleaned the shader compiler working directory 'C:/Users/Jay/AppData/Local/Temp/UnrealShaderWorkingDir/49E19DA2465F6977A04C858A29CD527C/'.
[2016.09.10-11.28.49:089][  0]LogShaderCompilers:Display: Using Local Shader Compiler.
[2016.09.10-11.28.50:351][  0]LogTemp:Display: Loaded TP AllDesktopTargetPlatform
[2016.09.10-11.28.50:355][  0]LogTemp:Display: Loaded TP WindowsClientTargetPlatform
[2016.09.10-11.28.50:359][  0]LogTemp:Display: Loaded TP WindowsNoEditorTargetPlatform
[2016.09.10-11.28.50:363][  0]LogTemp:Display: Loaded TP WindowsServerTargetPlatform
[2016.09.10-11.28.50:367][  0]LogTemp:Display: Loaded TP WindowsTargetPlatform
[2016.09.10-11.28.50:370][  0]LogTemp:Display: Loaded TP AndroidTargetPlatform
[2016.09.10-11.28.50:373][  0]LogTemp:Display: Loaded TP Android_ASTCTargetPlatform
[2016.09.10-11.28.50:377][  0]LogTemp:Display: Loaded TP Android_ATCTargetPlatform
[2016.09.10-11.28.50:380][  0]LogTemp:Display: Loaded TP Android_DXTTargetPlatform
[2016.09.10-11.28.50:383][  0]LogTemp:Display: Loaded TP Android_ETC1TargetPlatform
[2016.09.10-11.28.50:386][  0]LogTemp:Display: Loaded TP Android_ETC2TargetPlatform
[2016.09.10-11.28.50:393][  0]LogTemp:Display: Loaded TP Android_MultiTargetPlatform
[2016.09.10-11.28.50:393][  0]LogTemp:Display: Loaded TP Android_PVRTCTargetPlatform
[2016.09.10-11.28.50:394][  0]LogTemp:Display: Loaded TP HTML5TargetPlatform
[2016.09.10-11.28.50:409][  0]LogTemp:Display: Loaded TP IOSTargetPlatform
[2016.09.10-11.28.50:412][  0]LogTemp:Display: Loaded TP TVOSTargetPlatform
[2016.09.10-11.28.50:415][  0]LogTemp:Display: Loaded TP LinuxNoEditorTargetPlatform
[2016.09.10-11.28.50:418][  0]LogTemp:Display: Loaded TP LinuxServerTargetPlatform
[2016.09.10-11.28.50:422][  0]LogTemp:Display: Loaded TP LinuxTargetPlatform
[2016.09.10-11.28.50:422][  0]LogTargetPlatformManager:Display: Building Assets For Windows
[2016.09.10-11.28.50:484][  0]LogDerivedDataCache:Display: Max Cache Size: 512 MB
[2016.09.10-11.28.50:678][  0]LogDerivedDataCache: Loaded boot cache 0.19s 46MB C:/Users/Jay/AppData/Local/UnrealEngine/4.11/DerivedDataCache/Boot.ddc.
[2016.09.10-11.28.50:678][  0]LogDerivedDataCache:Display: Loaded Boot cache: C:/Users/Jay/AppData/Local/UnrealEngine/4.11/DerivedDataCache/Boot.ddc
[2016.09.10-11.28.50:678][  0]LogDerivedDataCache: FDerivedDataBackendGraph:  Pak pak cache file ../../../../../Unreal Projects/GitHub/AIProject2016/PIG2016T4AIProject/DerivedDataCache/DDC.ddp not found, will not use a pak cache.
[2016.09.10-11.28.50:678][  0]LogDerivedDataCache: Unable to find inner node Pak for hierarchical cache Hierarchy.
[2016.09.10-11.28.50:678][  0]LogDerivedDataCache: FDerivedDataBackendGraph:  CompressedPak pak cache file ../../../../../Unreal Projects/GitHub/AIProject2016/PIG2016T4AIProject/DerivedDataCache/Compressed.ddp not found, will not use a pak cache.
[2016.09.10-11.28.50:678][  0]LogDerivedDataCache: Unable to find inner node CompressedPak for hierarchical cache Hierarchy.
[2016.09.10-11.28.50:695][  0]LogDerivedDataCache:Display: Pak cache opened for reading ../../../Engine/DerivedDataCache/Compressed.ddp.
[2016.09.10-11.28.50:707][  0]LogDerivedDataCache: Using Local data cache path C:/Users/Jay/AppData/Local/UnrealEngine/Common/DerivedDataCache: Writable
[2016.09.10-11.28.51:263][  0]LogInit: Selected Device Profile: [Windows]
[2016.09.10-11.28.51:263][  0]LogContentStreaming: Texture pool size is 0.00 MB
[2016.09.10-11.28.51:303][  0]LogMaterial: Uniform references updated for custom material expression Custom.
[2016.09.10-11.28.51:434][  0]LogMeshUtilities: No automatic mesh reduction module available
[2016.09.10-11.28.51:434][  0]LogMeshUtilities: No automatic mesh merging module available
[2016.09.10-11.28.51:434][  0]LogMeshUtilities: No distributed automatic mesh merging module available
[2016.09.10-11.28.51:694][  0]LogUObjectArray: 27679 objects as part of root set at end of initial load.
[2016.09.10-11.28.51:694][  0]LogUObjectAllocator: 5591592 out of 0 bytes used by permanent object pool.
[2016.09.10-11.28.51:694][  0]LogUObjectArray: CloseDisregardForGC: 0/0 objects in disregard for GC pool
[2016.09.10-11.28.51:698][  0]LogInit: WinSock: version 1.1 (2.2), MaxSocks=32767, MaxUdp=65467
[2016.09.10-11.28.51:813][  0]LogSlate: SlateFontCache - WITH_FREETYPE: 1, WITH_HARFBUZZ: 1
[2016.09.10-11.28.51:813][  0]LogSlate: SlateFontCache - WITH_FREETYPE: 1, WITH_HARFBUZZ: 1
[2016.09.10-11.28.52:093][  0]LogStreaming:Warning: Failed to read file '../../../Engine/Content/Editor/Slate/Common/Selection_16x.png' error.
[2016.09.10-11.28.52:093][  0]LogSlate: Could not find file for Slate resource: ../../../Engine/Content/Editor/Slate/Common/Selection_16x.png
[2016.09.10-11.28.52:093][  0]LogStreaming:Warning: Failed to read file '../../../Engine/Content/Editor/Slate/Common/Selection_16x.png' error.
[2016.09.10-11.28.52:093][  0]LogSlate: Could not find file for Slate resource: ../../../Engine/Content/Editor/Slate/Common/Selection_16x.png
[2016.09.10-11.28.52:093][  0]LogStreaming:Warning: Failed to read file '../../../Engine/Content/Editor/Slate/Common/Selection_16x.png' error.
[2016.09.10-11.28.52:093][  0]LogSlate: Could not find file for Slate resource: ../../../Engine/Content/Editor/Slate/Common/Selection_16x.png
[2016.09.10-11.28.53:669][  0]LogUdpMessaging: Initializing bridge on interface 0.0.0.0:0 to multicast group 230.0.0.1:6666.
[2016.09.10-11.28.53:806][  0]LogAssetRegistry: FAssetRegistry took 0.0215 seconds to start up
[2016.09.10-11.28.53:996][  0]SourceControl: Info Source control is disabled
[2016.09.10-11.28.54:089][  0]SourceControl: Info Source control is disabled
[2016.09.10-11.28.54:097][  0]SourceControl: Info Source control is disabled
[2016.09.10-11.28.54:107][  0]SourceControl: Info Source control is disabled
[2016.09.10-11.28.54:273][  0]LogStreaming:Warning: Failed to read file '../../../Engine/Content/Editor/Slate/Common/Selection_16x.png' error.
[2016.09.10-11.28.54:273][  0]LogSlate: Could not find file for Slate resource: ../../../Engine/Content/Editor/Slate/Common/Selection_16x.png
[2016.09.10-11.28.54:273][  0]LogStreaming:Warning: Failed to read file '../../../Engine/Content/Editor/Slate/Common/Selection_16x.png' error.
[2016.09.10-11.28.54:273][  0]LogSlate: Could not find file for Slate resource: ../../../Engine/Content/Editor/Slate/Common/Selection_16x.png
[2016.09.10-11.28.54:273][  0]LogStreaming:Warning: Failed to read file '../../../Engine/Content/Editor/Slate/Common/Selection_16x.png' error.
[2016.09.10-11.28.54:273][  0]LogSlate: Could not find file for Slate resource: ../../../Engine/Content/Editor/Slate/Common/Selection_16x.png
[2016.09.10-11.28.54:816][  0]LogHMD: Failed to initialize OpenVR with code 110
[2016.09.10-11.28.54:890][  0]LogEngine: Initializing Engine...
[2016.09.10-11.28.55:046][  0]LogAIModule: Creating AISystem for world NewWorld
[2016.09.10-11.28.55:057][  0]LogInit: XAudio2 using 'Speakers (Realtek High Definition Audio)' : 2 channels at 48 kHz using 32 bits per sample (channel mask 0x3)
[2016.09.10-11.28.55:075][  0]LogInit: FAudioDevice initialized.
[2016.09.10-11.28.55:099][  0]LogDerivedDataCache: Saved boot cache 0.02s 46MB C:/Users/Jay/AppData/Local/UnrealEngine/4.11/DerivedDataCache/Boot.ddc.
[2016.09.10-11.28.55:102][  0]LogInit: Texture streaming: Enabled
[2016.09.10-11.28.55:126][  0]LogInit: Transaction tracking system initialized
[2016.09.10-11.28.55:148][  0]BlueprintLog: New page: Editor Load
[2016.09.10-11.28.55:225][  0]LocalizationService: Info Localization service is disabled
[2016.09.10-11.28.55:305][  0]LogConsoleResponse:Display: 
[2016.09.10-11.28.55:438][  0]LogCook:Display: Max memory allowance for cook 8192mb
[2016.09.10-11.28.55:438][  0]LogCook:Display: Mobile HDR setting 1
[2016.09.10-11.28.55:438][  0]LogCook:Display: Done creating registry. It took  0.00s.
[2016.09.10-11.28.55:498][  0]LogFileCache: Scanning file cache for directory 'D:/Unreal Projects/GitHub/AIProject2016/PIG2016T4AIProject/Content/' took 0.01s
[2016.09.10-11.28.55:498][  0]SourceControl: Info Source control is disabled
[2016.09.10-11.28.55:498][  0]Cmd: MAP LOAD FILE="../../../Engine/Content/Maps/Templates/Template_Default.umap" TEMPLATE=1 SHOWPROGRESS=1 FEATURELEVEL=3
[2016.09.10-11.28.55:500][  0]LightingResults: New page: Lighting Build
[2016.09.10-11.28.55:502][  0]MapCheck: New page: Map Check
[2016.09.10-11.28.55:502][  0]LightingResults: New page: Lighting Build
[2016.09.10-11.28.55:839][  0]LogAIModule: Creating AISystem for world Untitled_1
[2016.09.10-11.28.55:850][  0]LogEditorServer: Finished looking for orphan Actors (0.000 secs)
[2016.09.10-11.28.55:858][  0]Cmd: MAP CHECKDEP NOCLEARLOG
[2016.09.10-11.28.55:890][  0]MapCheck: Info Map check complete: 0 Error(s), 0 Warning(s), took 30.979ms to complete.
[2016.09.10-11.28.55:890][  0]LogFileHelpers: Loading map 'Template_Default' took 0.392
[2016.09.10-11.28.56:020][  0]LogCollectionManager: Loaded 0 collections in 0.001046 seconds
[2016.09.10-11.28.56:075][  0]LogFileCache: Scanning file cache for directory 'D:/Unreal Projects/GitHub/AIProject2016/PIG2016T4AIProject/Saved/Collections/' took 0.01s
[2016.09.10-11.28.56:075][  0]LogFileCache: Scanning file cache for directory 'D:/Unreal Projects/GitHub/AIProject2016/PIG2016T4AIProject/Content/Developers/Jay/Collections/' took 0.01s
[2016.09.10-11.28.56:075][  0]LogFileCache: Scanning file cache for directory 'D:/Unreal Projects/GitHub/AIProject2016/PIG2016T4AIProject/Content/Collections/' took 0.01s
[2016.09.10-11.28.56:075][  0]LogCollectionManager: Rebuilt the GUID cache for 0 collections in 0.000002 seconds
[2016.09.10-11.28.56:084][  0]LogContentBrowser: Native class hierarchy populated in 0.0088 seconds. Added 1983 classes and 349 folders.
[2016.09.10-11.28.56:086][  0]LogStats: UGameplayTagsManager::ConstructGameplayTagTree: Construct from data asset -  0.000 s
[2016.09.10-11.28.56:086][  0]LogStats: UGameplayTagsManager::ConstructGameplayTagTree: GameplayTagTreeChangedEvent.Broadcast -  0.000 s
[2016.09.10-11.28.56:087][  0]LogContentBrowser: Native class hierarchy updated for 'GameplayTags' in 0.0006 seconds. Added 12 classes and 0 folders.
[2016.09.10-11.28.56:090][  0]LogContentBrowser: Native class hierarchy updated for 'WidgetCarousel' in 0.0003 seconds. Added 0 classes and 0 folders.
[2016.09.10-11.28.56:099][  0]LogContentBrowser: Native class hierarchy updated for 'SuperSearch' in 0.0004 seconds. Added 1 classes and 2 folders.
[2016.09.10-11.28.56:254][  0]LogContentBrowser: Native class hierarchy updated for 'AddContentDialog' in 0.0005 seconds. Added 0 classes and 0 folders.
[2016.09.10-11.28.56:257][  0]LogContentBrowser: Native class hierarchy updated for 'SceneOutliner' in 0.0004 seconds. Added 1 classes and 2 folders.
[2016.09.10-11.28.56:285][  0]LogCrashTracker: Crashtracker disabled due to settings.
[2016.09.10-11.28.56:291][  0]LogUObjectGlobals:Warning: Failed to find object 'Class None.'
[2016.09.10-11.28.56:317][  0]LogContentBrowser: Native class hierarchy updated for 'HierarchicalLODOutliner' in 0.0004 seconds. Added 1 classes and 2 folders.
[2016.09.10-11.28.56:317][  0]LogLoad: Full Startup: 8.43 seconds (BP compile: 0.05 seconds)
[2016.09.10-11.28.56:317][  0]LogExternalProfiler: Found external profiler: VSPerf
[2016.09.10-11.28.56:317][  0]LogExternalProfiler: Using external profiler: VSPerf
[2016.09.10-11.28.56:326][  0]LogWindowsTextInputMethodSystem:Display: IME system now deactivated.
[2016.09.10-11.28.56:326][  0]LogOcInput: OculusInput pre-init called
[2016.09.10-11.28.56:374][  0]LogContentStreaming: Texture pool size now 700 MB
[2016.09.10-11.28.56:530][  0]LogRenderer: Reallocating scene render targets to support 1236x476 (Frame:2).
[2016.09.10-11.28.56:610][  1]LogAssetRegistry: Asset discovery search completed in 2.8253 seconds
[2016.09.10-11.28.56:610][  1]LogCollectionManager: Rebuilt the object cache for 0 collections in 0.000001 seconds (found 0 objects)
[2016.09.10-11.28.56:610][  1]LogCollectionManager: Fixed up redirectors for 0 collections in 0.000039 seconds (updated 0 objects)
[2016.09.10-11.29.06:642][147]LogBlueprint:Warning: [compiler FirstPersonCharacter] Warning Input Axis Event references unknown Axis 'LookUpRate' for  InputAxis LookUpRate 
[2016.09.10-11.29.06:642][147]LogBlueprint:Warning: [compiler FirstPersonCharacter] Warning Input Axis Event references unknown Axis 'TurnRate' for  InputAxis TurnRate 
[2016.09.10-11.29.06:643][147]LogBlueprint:Warning: [compiler FirstPersonCharacter] Warning InputAction Event references unknown Action 'Fire' for  InputAction Fire 
[2016.09.10-11.29.06:643][147]LogBlueprint:Warning: [compiler FirstPersonCharacter] Warning Input Axis Event references unknown Axis 'MoveRight' for  InputAxis MoveRight 
[2016.09.10-11.29.06:643][147]LogBlueprint:Warning: [compiler FirstPersonCharacter] Warning Input Axis Event references unknown Axis 'MoveForward' for  InputAxis MoveForward 
[2016.09.10-11.29.06:643][147]LogBlueprint:Warning: [compiler FirstPersonCharacter] Warning Input Axis Event references unknown Axis 'LookUp' for  InputAxis LookUp 
[2016.09.10-11.29.06:643][147]LogBlueprint:Warning: [compiler FirstPersonCharacter] Warning Input Axis Event references unknown Axis 'Turn' for  InputAxis Turn 
[2016.09.10-11.29.06:643][147]LogBlueprint:Warning: [compiler FirstPersonCharacter] Warning InputAction Event references unknown Action 'Jump' for  InputAction Jump 
[2016.09.10-11.29.06:647][147]LogBlueprint:Warning: [compiler FirstPersonCharacter] Warning [0018.76] Compile of FirstPersonCharacter successful, but with 8 Warning(s) [in 12 ms]
[2016.09.10-11.29.06:647][147]LogBlueprint:Warning: [compiler FirstPersonCharacter] Warning [0018.76] Compile of FirstPersonCharacter successful, but with 9 Warning(s) [in 0 ms]
[2016.09.10-11.29.06:647][147]LogBlueprint:Warning: [compiler FirstPersonCharacter] Warning [0018.76] Compile of FirstPersonCharacter successful, but with 10 Warning(s) [in 0 ms]
[2016.09.10-11.29.06:659][147]LogBlueprint:Warning: [compiler FirstPersonCharacter] Warning Input Axis Event references unknown Axis 'LookUpRate' for  InputAxis LookUpRate 
[2016.09.10-11.29.06:659][147]LogBlueprint:Warning: [compiler FirstPersonCharacter] Warning Input Axis Event references unknown Axis 'TurnRate' for  InputAxis TurnRate 
[2016.09.10-11.29.06:659][147]LogBlueprint:Warning: [compiler FirstPersonCharacter] Warning InputAction Event references unknown Action 'Fire' for  InputAction Fire 
[2016.09.10-11.29.06:659][147]LogBlueprint:Warning: [compiler FirstPersonCharacter] Warning Input Axis Event references unknown Axis 'MoveRight' for  InputAxis MoveRight 
[2016.09.10-11.29.06:659][147]LogBlueprint:Warning: [compiler FirstPersonCharacter] Warning Input Axis Event references unknown Axis 'MoveForward' for  InputAxis MoveForward 
[2016.09.10-11.29.06:659][147]LogBlueprint:Warning: [compiler FirstPersonCharacter] Warning Input Axis Event references unknown Axis 'LookUp' for  InputAxis LookUp 
[2016.09.10-11.29.06:659][147]LogBlueprint:Warning: [compiler FirstPersonCharacter] Warning Input Axis Event references unknown Axis 'Turn' for  InputAxis Turn 
[2016.09.10-11.29.06:660][147]LogBlueprint:Warning: [compiler FirstPersonCharacter] Warning InputAction Event references unknown Action 'Jump' for  InputAction Jump 
[2016.09.10-11.29.06:663][147]LogBlueprint:Warning: [compiler FirstPersonCharacter] Warning [0018.78] Compile of FirstPersonCharacter successful, but with 8 Warning(s) [in 12 ms]
[2016.09.10-11.29.06:663][147]LogBlueprint:Warning: [compiler FirstPersonCharacter] Warning [0018.78] Compile of FirstPersonCharacter successful, but with 9 Warning(s) [in 0 ms]
[2016.09.10-11.29.06:664][147]LogBlueprint:Warning: [compiler FirstPersonCharacter] Warning [0018.78] Compile of FirstPersonCharacter successful, but with 10 Warning(s) [in 0 ms]
[2016.09.10-11.29.06:801][147]LogAIModule: Creating AISystem for world FirstPersonExampleMap
[2016.09.10-11.29.06:848][147]Cmd: MAP LOAD FILE="../../../../../Unreal Projects/GitHub/AIProject2016/PIG2016T4AIProject/Content/FirstPersonBP/Maps/FirstPersonExampleMap.umap" TEMPLATE=0 SHOWPROGRESS=1 FEATURELEVEL=3
[2016.09.10-11.29.06:848][147]LightingResults: New page: Lighting Build
[2016.09.10-11.29.06:867][147]LoadErrors: New page: Loading map: FirstPersonExampleMap.umap
[2016.09.10-11.29.06:868][147]MapCheck: New page: Map Check
[2016.09.10-11.29.06:868][147]LightingResults: New page: Lighting Build
[2016.09.10-11.29.06:894][147]LogEditorServer: Finished looking for orphan Actors (0.000 secs)
[2016.09.10-11.29.06:911][147]Cmd: MAP CHECKDEP NOCLEARLOG
[2016.09.10-11.29.06:949][147]MapCheck: Info Map check complete: 0 Error(s), 0 Warning(s), took 37.464ms to complete.
[2016.09.10-11.29.06:949][147]LogFileHelpers: Loading map 'FirstPersonExampleMap' took 0.106
[2016.09.10-11.29.10:146][489]LogBlueprintUserMessages: Early PlayInEditor Detection: Level '/Game/FirstPersonBP/Maps/FirstPersonExampleMap.FirstPersonExampleMap:PersistentLevel' has LevelScriptBlueprint '/Game/FirstPersonBP/Maps/FirstPersonExampleMap.FirstPersonExampleMap:PersistentLevel.FirstPersonExampleMap' with GeneratedClass '/Game/FirstPersonBP/Maps/FirstPersonExampleMap.FirstPersonExampleMap_C' with ClassGeneratedBy '/Game/FirstPersonBP/Maps/FirstPersonExampleMap.FirstPersonExampleMap:PersistentLevel.FirstPersonExampleMap'
[2016.09.10-11.29.10:146][489]LogPlayLevel: PlayLevel: No blueprints needed recompiling
[2016.09.10-11.29.10:147][489]PIE: New page: PIE session: FirstPersonExampleMap (11 Sep 2016 7:29:10 am)
[2016.09.10-11.29.10:147][489]LogPlayLevel: Creating play world package: /Game/FirstPersonBP/Maps/UEDPIE_0_FirstPersonExampleMap
[2016.09.10-11.29.10:174][489]LogPlayLevel: PIE: StaticDuplicateObject took: (0.027203s)
[2016.09.10-11.29.10:175][489]LogAIModule: Creating AISystem for world FirstPersonExampleMap
[2016.09.10-11.29.10:175][489]LogPlayLevel: PIE: World Init took: (0.000703s)
[2016.09.10-11.29.10:175][489]LogPlayLevel: PIE: Created PIE world by copying editor world from /Game/FirstPersonBP/Maps/FirstPersonExampleMap.FirstPersonExampleMap to /Game/FirstPersonBP/Maps/UEDPIE_0_FirstPersonExampleMap.FirstPersonExampleMap (0.028145s)
[2016.09.10-11.29.10:240][489]LogInit: XAudio2 using 'Speakers (Realtek High Definition Audio)' : 2 channels at 48 kHz using 32 bits per sample (channel mask 0x3)
[2016.09.10-11.29.10:250][489]LogInit: FAudioDevice initialized.
[2016.09.10-11.29.10:307][489]LogWorld: Game class is 'GameMode'
[2016.09.10-11.29.10:312][489]LogWorld: Bringing World /Game/FirstPersonBP/Maps/UEDPIE_0_FirstPersonExampleMap.FirstPersonExampleMap up for play (max tick rate 0) at 2016.09.10-21.29.10
[2016.09.10-11.29.10:313][489]LogWorld: Bringing up level for play took: 0.004930
[2016.09.10-11.29.10:317][489]LogContentBrowser: Native class hierarchy updated for 'MovieSceneCapture' in 0.0004 seconds. Added 9 classes and 0 folders.
[2016.09.10-11.29.10:330][489]PIE: Info Play in editor start time for /Game/FirstPersonBP/Maps/UEDPIE_0_FirstPersonExampleMap 1.106
[2016.09.10-11.29.10:330][489]LogBlueprintUserMessages: Late PlayInEditor Detection: Level '/Game/FirstPersonBP/Maps/FirstPersonExampleMap.FirstPersonExampleMap:PersistentLevel' has LevelScriptBlueprint '/Game/FirstPersonBP/Maps/FirstPersonExampleMap.FirstPersonExampleMap:PersistentLevel.FirstPersonExampleMap' with GeneratedClass '/Game/FirstPersonBP/Maps/FirstPersonExampleMap.FirstPersonExampleMap_C' with ClassGeneratedBy '/Game/FirstPersonBP/Maps/FirstPersonExampleMap.FirstPersonExampleMap:PersistentLevel.FirstPersonExampleMap'
[2016.09.10-11.29.10:433][490]LogRenderer: Reallocating scene render targets to support 1236x628 (Frame:1309).
[2016.09.10-11.29.13:761][840]LogBlueprintUserMessages: Early EndPlayMap Detection: Level '/Game/FirstPersonBP/Maps/FirstPersonExampleMap.FirstPersonExampleMap:PersistentLevel' has LevelScriptBlueprint '/Game/FirstPersonBP/Maps/FirstPersonExampleMap.FirstPersonExampleMap:PersistentLevel.FirstPersonExampleMap' with GeneratedClass '/Game/FirstPersonBP/Maps/FirstPersonExampleMap.FirstPersonExampleMap_C' with ClassGeneratedBy '/Game/FirstPersonBP/Maps/FirstPersonExampleMap.FirstPersonExampleMap:PersistentLevel.FirstPersonExampleMap'
[2016.09.10-11.29.13:79